18:26:36.058 Failed to start execution API Service. GAUGE_API_V2_PORT Environment variable not set 
18:26:36.069 Watching directory: F:\IntelliJ IDEA Community Edition 2016.3.1\project\IpasTest\specs
18:26:36.069 Found 12 files
18:26:36.072 Initializing concepts cache with 0 concepts
18:26:36.088 Initializing specs cache with 12 specs
18:26:36.088 Adding specs from F:\IntelliJ IDEA Community Edition 2016.3.1\project\IpasTest\specs\BallsOnMainPage.spec
18:26:36.088 Adding specs from F:\IntelliJ IDEA Community Edition 2016.3.1\project\IpasTest\specs\Favorities.spec
18:26:36.088 Adding specs from F:\IntelliJ IDEA Community Edition 2016.3.1\project\IpasTest\specs\VerdictumFeedBackLinks.spec
18:26:36.088 Adding specs from F:\IntelliJ IDEA Community Edition 2016.3.1\project\IpasTest\specs\DocEntryProcedure.spec
18:26:36.088 Adding specs from F:\IntelliJ IDEA Community Edition 2016.3.1\project\IpasTest\specs\IncorrectAutorizationMessages.spec
18:26:36.088 Adding specs from F:\IntelliJ IDEA Community Edition 2016.3.1\project\IpasTest\specs\IncorrectChangeEmailMessages.spec
18:26:36.089 Adding specs from F:\IntelliJ IDEA Community Edition 2016.3.1\project\IpasTest\specs\SearchAreaExact.spec
18:26:36.089 Adding specs from F:\IntelliJ IDEA Community Edition 2016.3.1\project\IpasTest\specs\ModulesAndRoles.spec
18:26:36.089 Adding specs from F:\IntelliJ IDEA Community Edition 2016.3.1\project\IpasTest\specs\IncorrectRegMessages.spec
18:26:36.089 Adding specs from F:\IntelliJ IDEA Community Edition 2016.3.1\project\IpasTest\specs\SearchPhrasesCheckSuggest.spec
18:26:36.089 Adding specs from F:\IntelliJ IDEA Community Edition 2016.3.1\project\IpasTest\specs\PermissionsAnonymous.spec
18:26:36.089 Adding specs from F:\IntelliJ IDEA Community Edition 2016.3.1\project\IpasTest\specs\OpenModulesSituations.spec
18:26:36.089 Initializing steps cache with 63 steps
18:26:43.932 Api Request Received: messageType:GetStepValueRequest messageId:4 stepValueRequest:<stepText:"Try out links <verdictum> in document" > 
18:26:43.933 Sending API response: messageType:GetStepValueResponse messageId:4 stepValueResponse:<stepValue:<stepValue:"Try out links {} in document" parameterizedStepValue:"Try out links <verdictum> in document" parameters:"verdictum" > > 
18:26:43.957 Api Request Received: messageType:GetStepValueRequest messageId:4 stepValueRequest:<stepText:"Check authorization messages for empty fields" > 
18:26:43.957 Sending API response: messageType:GetStepValueResponse messageId:4 stepValueResponse:<stepValue:<stepValue:"Check authorization messages for empty fields" parameterizedStepValue:"Check authorization messages for empty fields" > > 
18:26:43.958 Api Request Received: messageType:GetStepValueRequest messageId:4 stepValueRequest:<stepText:"Go product <>" > 
18:26:43.958 Sending API response: messageType:GetStepValueResponse messageId:4 stepValueResponse:<stepValue:<stepValue:"Go product {}" parameterizedStepValue:"Go product <>" parameters:"" > > 
18:26:43.971 Api Request Received: messageType:GetStepValueRequest messageId:4 stepValueRequest:<stepText:"Open registration page" > 
18:26:43.971 Sending API response: messageType:GetStepValueResponse messageId:4 stepValueResponse:<stepValue:<stepValue:"Open registration page" parameterizedStepValue:"Open registration page" > > 
18:26:43.971 Api Request Received: messageType:GetStepValueRequest messageId:4 stepValueRequest:<stepText:"ReferentCreateEdit" > 
18:26:43.972 Sending API response: messageType:GetStepValueResponse messageId:4 stepValueResponse:<stepValue:<stepValue:"ReferentCreateEdit" parameterizedStepValue:"ReferentCreateEdit" > > 
18:26:43.972 Api Request Received: messageType:GetStepValueRequest messageId:4 stepValueRequest:<stepText:"Check message for invalid new e-mail <Table>" > 
18:26:43.972 Sending API response: messageType:GetStepValueResponse messageId:4 stepValueResponse:<stepValue:<stepValue:"Check message for invalid new e-mail {}" parameterizedStepValue:"Check message for invalid new e-mail <Table>" parameters:"Table" > > 
18:26:43.973 Api Request Received: messageType:GetStepValueRequest messageId:4 stepValueRequest:<stepText:"Check show-case application" > 
18:26:43.973 Sending API response: messageType:GetStepValueResponse messageId:4 stepValueResponse:<stepValue:<stepValue:"Check show-case application" parameterizedStepValue:"Check show-case application" > > 
18:26:43.974 Api Request Received: messageType:GetStepValueRequest messageId:4 stepValueRequest:<stepText:"Navigate to main page" > 
18:26:43.974 Sending API response: messageType:GetStepValueResponse messageId:4 stepValueResponse:<stepValue:<stepValue:"Navigate to main page" parameterizedStepValue:"Navigate to main page" > > 
18:26:44.029 Api Request Received: messageType:GetStepValueRequest messageId:4 stepValueRequest:<stepText:"Switching to all balls <downup> and check content theses and links" > 
18:26:44.029 Sending API response: messageType:GetStepValueResponse messageId:4 stepValueResponse:<stepValue:<stepValue:"Switching to all balls {} and check content theses and links" parameterizedStepValue:"Switching to all balls <downup> and check content theses and links" parameters:"downup" > > 
18:26:44.031 Api Request Received: messageType:GetStepValueRequest messageId:4 stepValueRequest:<stepText:"Open search area list <table>" > 
18:26:44.031 Sending API response: messageType:GetStepValueResponse messageId:4 stepValueResponse:<stepValue:<stepValue:"Open search area list {}" parameterizedStepValue:"Open search area list <table>" parameters:"table" > > 
18:26:44.031 Api Request Received: messageType:GetStepValueRequest messageId:4 stepValueRequest:<stepText:"User input incorrect Phone <user input>" > 
18:26:44.031 Sending API response: messageType:GetStepValueResponse messageId:4 stepValueResponse:<stepValue:<stepValue:"User input incorrect Phone {}" parameterizedStepValue:"User input incorrect Phone <user input>" parameters:"user input" > > 
18:26:44.032 Api Request Received: messageType:GetStepValueRequest messageId:4 stepValueRequest:<stepText:"Switch to <roleName> role" > 
18:26:44.032 Sending API response: messageType:GetStepValueResponse messageId:4 stepValueResponse:<stepValue:<stepValue:"Switch to {} role" parameterizedStepValue:"Switch to <roleName> role" parameters:"roleName" > > 
18:26:44.032 Api Request Received: messageType:GetStepValueRequest messageId:4 stepValueRequest:<stepText:"Check message for empty field <Table>" > 
18:26:44.032 Sending API response: messageType:GetStepValueResponse messageId:4 stepValueResponse:<stepValue:<stepValue:"Check message for empty field {}" parameterizedStepValue:"Check message for empty field <Table>" parameters:"Table" > > 
18:26:44.033 Api Request Received: messageType:GetStepValueRequest messageId:4 stepValueRequest:<stepText:"Open module, search in module with check after sort list on and open document <table>" > 
18:26:44.033 Sending API response: messageType:GetStepValueResponse messageId:4 stepValueResponse:<stepValue:<stepValue:"Open module, search in module with check after sort list on and open document {}" parameterizedStepValue:"Open module, search in module with check after sort list on and open document <table>" parameters:"table" > > 
18:26:44.034 Api Request Received: messageType:GetStepValueRequest messageId:4 stepValueRequest:<stepText:"Check message for empty New e-mail field" > 
18:26:44.034 Sending API response: messageType:GetStepValueResponse messageId:4 stepValueResponse:<stepValue:<stepValue:"Check message for empty New e-mail field" parameterizedStepValue:"Check message for empty New e-mail field" > > 
18:26:44.036 Api Request Received: messageType:GetStepValueRequest messageId:4 stepValueRequest:<stepText:"Check module is NOT Displayed in role <roleTable>" > 
18:26:44.036 Sending API response: messageType:GetStepValueResponse messageId:4 stepValueResponse:<stepValue:<stepValue:"Check module is NOT Displayed in role {}" parameterizedStepValue:"Check module is NOT Displayed in role <roleTable>" parameters:"roleTable" > > 
18:26:44.036 Api Request Received: messageType:GetStepValueRequest messageId:4 stepValueRequest:<stepText:"Check DocEntryProcedure info is displayed in About doc panel <Table>" > 
18:26:44.036 Sending API response: messageType:GetStepValueResponse messageId:4 stepValueResponse:<stepValue:<stepValue:"Check DocEntryProcedure info is displayed in About doc panel {}" parameterizedStepValue:"Check DocEntryProcedure info is displayed in About doc panel <Table>" parameters:"Table" > > 
18:26:44.037 Api Request Received: messageType:GetStepValueRequest messageId:4 stepValueRequest:<stepText:"Creating a folder from the document adding menu to favorites" > 
18:26:44.037 Sending API response: messageType:GetStepValueResponse messageId:4 stepValueResponse:<stepValue:<stepValue:"Creating a folder from the document adding menu to favorites" parameterizedStepValue:"Creating a folder from the document adding menu to favorites" > > 
18:26:44.037 Api Request Received: messageType:GetStepValueRequest messageId:4 stepValueRequest:<stepText:"Authorisation our user with conf file with localization page <number>" > 
18:26:44.038 Sending API response: messageType:GetStepValueResponse messageId:4 stepValueResponse:<stepValue:<stepValue:"Authorisation our user with conf file with localization page {}" parameterizedStepValue:"Authorisation our user with conf file with localization page <number>" parameters:"number" > > 
18:26:44.038 Api Request Received: messageType:GetStepValueRequest messageId:4 stepValueRequest:<stepText:"Check DocEntryProcedure info is NOT displayed in About doc panel <Table>" > 
18:26:44.038 Sending API response: messageType:GetStepValueResponse messageId:4 stepValueResponse:<stepValue:<stepValue:"Check DocEntryProcedure info is NOT displayed in About doc panel {}" parameterizedStepValue:"Check DocEntryProcedure info is NOT displayed in About doc panel <Table>" parameters:"Table" > > 
18:26:44.038 Api Request Received: messageType:GetStepValueRequest messageId:4 stepValueRequest:<stepText:"Authorisation user - <lg> and pwd - <pw> with localization page <number>" > 
18:26:44.039 Sending API response: messageType:GetStepValueResponse messageId:4 stepValueResponse:<stepValue:<stepValue:"Authorisation user - {} and pwd - {} with localization page {}" parameterizedStepValue:"Authorisation user - <lg> and pwd - <pw> with localization page <number>" parameters:"lg" parameters:"pw" parameters:"number" > > 
18:26:44.040 Api Request Received: messageType:GetStepValueRequest messageId:4 stepValueRequest:<stepText:"Refresh page" > 
18:26:44.040 Sending API response: messageType:GetStepValueResponse messageId:4 stepValueResponse:<stepValue:<stepValue:"Refresh page" parameterizedStepValue:"Refresh page" > > 
18:26:44.040 Api Request Received: messageType:GetStepValueRequest messageId:4 stepValueRequest:<stepText:"Check message for incorrect passwd" > 
18:26:44.041 Sending API response: messageType:GetStepValueResponse messageId:4 stepValueResponse:<stepValue:<stepValue:"Check message for incorrect passwd" parameterizedStepValue:"Check message for incorrect passwd" > > 
18:26:44.041 Api Request Received: messageType:GetStepValueRequest messageId:4 stepValueRequest:<stepText:"Favorite's export and import" > 
18:26:44.041 Sending API response: messageType:GetStepValueResponse messageId:4 stepValueResponse:<stepValue:<stepValue:"Favorite's export and import" parameterizedStepValue:"Favorite's export and import" > > 
18:26:44.042 Api Request Received: messageType:GetStepValueRequest messageId:4 stepValueRequest:<stepText:"Authorisation user2 - <lg> and pwd - <pw> with localization page <number> for <config>" > 
18:26:44.042 Sending API response: messageType:GetStepValueResponse messageId:4 stepValueResponse:<stepValue:<stepValue:"Authorisation user2 - {} and pwd - {} with localization page {} for {}" parameterizedStepValue:"Authorisation user2 - <lg> and pwd - <pw> with localization page <number> for <config>" parameters:"lg" parameters:"pw" parameters:"number" parameters:"config" > > 
18:26:44.042 Api Request Received: messageType:GetStepValueRequest messageId:4 stepValueRequest:<stepText:"Verifying access inner the document <idDoc>" > 
18:26:44.043 Sending API response: messageType:GetStepValueResponse messageId:4 stepValueResponse:<stepValue:<stepValue:"Verifying access inner the document {}" parameterizedStepValue:"Verifying access inner the document <idDoc>" parameters:"idDoc" > > 
18:26:44.043 Api Request Received: messageType:GetStepValueRequest messageId:4 stepValueRequest:<stepText:"Check module is Displayed in role <roleTable>" > 
18:26:44.043 Sending API response: messageType:GetStepValueResponse messageId:4 stepValueResponse:<stepValue:<stepValue:"Check module is Displayed in role {}" parameterizedStepValue:"Check module is Displayed in role <roleTable>" parameters:"roleTable" > > 
18:26:44.044 Api Request Received: messageType:GetStepValueRequest messageId:4 stepValueRequest:<stepText:"Click registration button in registration form" > 
18:26:44.062 Sending API response: messageType:GetStepValueResponse messageId:4 stepValueResponse:<stepValue:<stepValue:"Click registration button in registration form" parameterizedStepValue:"Click registration button in registration form" > > 
18:26:44.063 Api Request Received: messageType:GetStepValueRequest messageId:4 stepValueRequest:<stepText:"Go IPS Configuration <config>" > 
18:26:44.063 Sending API response: messageType:GetStepValueResponse messageId:4 stepValueResponse:<stepValue:<stepValue:"Go IPS Configuration {}" parameterizedStepValue:"Go IPS Configuration <config>" parameters:"config" > > 
18:26:44.064 Api Request Received: messageType:GetStepValueRequest messageId:4 stepValueRequest:<stepText:"Favorite's doc save and edit" > 
18:26:44.064 Sending API response: messageType:GetStepValueResponse messageId:4 stepValueResponse:<stepValue:<stepValue:"Favorite's doc save and edit" parameterizedStepValue:"Favorite's doc save and edit" > > 
18:26:44.065 Api Request Received: messageType:GetStepValueRequest messageId:4 stepValueRequest:<stepText:"Open authorization page" > 
18:26:44.065 Sending API response: messageType:GetStepValueResponse messageId:4 stepValueResponse:<stepValue:<stepValue:"Open authorization page" parameterizedStepValue:"Open authorization page" > > 
18:26:44.065 Api Request Received: messageType:GetStepValueRequest messageId:4 stepValueRequest:<stepText:"Search within balls <strSearch>" > 
18:26:44.065 Sending API response: messageType:GetStepValueResponse messageId:4 stepValueResponse:<stepValue:<stepValue:"Search within balls {}" parameterizedStepValue:"Search within balls <strSearch>" parameters:"strSearch" > > 
18:26:44.066 Api Request Received: messageType:GetStepValueRequest messageId:4 stepValueRequest:<stepText:"Check message for current e-mail input" > 
18:26:44.066 Sending API response: messageType:GetStepValueResponse messageId:4 stepValueResponse:<stepValue:<stepValue:"Check message for current e-mail input" parameterizedStepValue:"Check message for current e-mail input" > > 
18:26:44.067 Api Request Received: messageType:GetStepValueRequest messageId:4 stepValueRequest:<stepText:"\320\241ontext search any phrases with switching tabs <>" > 
18:26:44.067 Sending API response: messageType:GetStepValueResponse messageId:4 stepValueResponse:<stepValue:<stepValue:"\320\241ontext search any phrases with switching tabs {}" parameterizedStepValue:"\320\241ontext search any phrases with switching tabs <>" parameters:"" > > 
18:26:44.069 Api Request Received: messageType:GetStepValueRequest messageId:4 stepValueRequest:<stepText:"Open module <NameModule>" > 
18:26:44.069 Sending API response: messageType:GetStepValueResponse messageId:4 stepValueResponse:<stepValue:<stepValue:"Open module {}" parameterizedStepValue:"Open module <NameModule>" parameters:"NameModule" > > 
18:26:44.069 Api Request Received: messageType:GetStepValueRequest messageId:4 stepValueRequest:<stepText:"Open situation, search in module with check after sort list on and open document <table>" > 
18:26:44.069 Sending API response: messageType:GetStepValueResponse messageId:4 stepValueResponse:<stepValue:<stepValue:"Open situation, search in module with check after sort list on and open document {}" parameterizedStepValue:"Open situation, search in module with check after sort list on and open document <table>" parameters:"table" > > 
18:26:44.071 Api Request Received: messageType:GetStepValueRequest messageId:4 stepValueRequest:<stepText:"User input incorrect e-mail <user input>" > 
18:26:44.071 Sending API response: messageType:GetStepValueResponse messageId:4 stepValueResponse:<stepValue:<stepValue:"User input incorrect e-mail {}" parameterizedStepValue:"User input incorrect e-mail <user input>" parameters:"user input" > > 
18:26:44.072 Api Request Received: messageType:GetStepValueRequest messageId:4 stepValueRequest:<stepText:"Check message for other users e-mail input" > 
18:26:44.072 Sending API response: messageType:GetStepValueResponse messageId:4 stepValueResponse:<stepValue:<stepValue:"Check message for other users e-mail input" parameterizedStepValue:"Check message for other users e-mail input" > > 
18:26:44.072 Api Request Received: messageType:GetStepValueRequest messageId:4 stepValueRequest:<stepText:"Go IPS Search" > 
18:26:44.072 Sending API response: messageType:GetStepValueResponse messageId:4 stepValueResponse:<stepValue:<stepValue:"Go IPS Search" parameterizedStepValue:"Go IPS Search" > > 
18:26:44.074 Api Request Received: messageType:GetStepValueRequest messageId:4 stepValueRequest:<stepText:"Check message for e-mail field <Table>" > 
18:26:44.074 Sending API response: messageType:GetStepValueResponse messageId:4 stepValueResponse:<stepValue:<stepValue:"Check message for e-mail field {}" parameterizedStepValue:"Check message for e-mail field <Table>" parameters:"Table" > > 
18:26:44.074 Api Request Received: messageType:GetStepValueRequest messageId:4 stepValueRequest:<stepText:"Click social <network button>" > 
18:26:44.074 Sending API response: messageType:GetStepValueResponse messageId:4 stepValueResponse:<stepValue:<stepValue:"Click social {}" parameterizedStepValue:"Click social <network button>" parameters:"network button" > > 
18:26:44.075 Api Request Received: messageType:GetStepValueRequest messageId:4 stepValueRequest:<stepText:"Check message for empty <field> " > 
18:26:44.075 Sending API response: messageType:GetStepValueResponse messageId:4 stepValueResponse:<stepValue:<stepValue:"Check message for empty {}" parameterizedStepValue:"Check message for empty <field>" parameters:"field" > > 
18:26:44.080 Api Request Received: messageType:GetStepValueRequest messageId:4 stepValueRequest:<stepText:"Tear down step 1" > 
18:26:44.080 Sending API response: messageType:GetStepValueResponse messageId:4 stepValueResponse:<stepValue:<stepValue:"Tear down step 1" parameterizedStepValue:"Tear down step 1" > > 
18:26:44.081 Api Request Received: messageType:GetStepValueRequest messageId:4 stepValueRequest:<stepText:"FavoritiesAbzacStar2" > 
18:26:44.081 Sending API response: messageType:GetStepValueResponse messageId:4 stepValueResponse:<stepValue:<stepValue:"FavoritiesAbzacStar2" parameterizedStepValue:"FavoritiesAbzacStar2" > > 
18:26:44.081 Api Request Received: messageType:GetStepValueRequest messageId:4 stepValueRequest:<stepText:"Suggest after the context search <>" > 
18:26:44.081 Sending API response: messageType:GetStepValueResponse messageId:4 stepValueResponse:<stepValue:<stepValue:"Suggest after the context search {}" parameterizedStepValue:"Suggest after the context search <>" parameters:"" > > 
18:26:44.082 Api Request Received: messageType:GetStepValueRequest messageId:4 stepValueRequest:<stepText:"Check message for 4th change e-mail request" > 
18:26:44.082 Sending API response: messageType:GetStepValueResponse messageId:4 stepValueResponse:<stepValue:<stepValue:"Check message for 4th change e-mail request" parameterizedStepValue:"Check message for 4th change e-mail request" > > 
18:26:44.082 Api Request Received: messageType:GetStepValueRequest messageId:4 stepValueRequest:<stepText:"Check access denied to search" > 
18:26:44.082 Sending API response: messageType:GetStepValueResponse messageId:4 stepValueResponse:<stepValue:<stepValue:"Check access denied to search" parameterizedStepValue:"Check access denied to search" > > 
18:26:44.083 Api Request Received: messageType:GetStepValueRequest messageId:4 stepValueRequest:<stepText:"Open change e-mail page in Profile" > 
18:26:44.083 Sending API response: messageType:GetStepValueResponse messageId:4 stepValueResponse:<stepValue:<stepValue:"Open change e-mail page in Profile" parameterizedStepValue:"Open change e-mail page in Profile" > > 
18:26:44.083 Api Request Received: messageType:GetStepValueRequest messageId:4 stepValueRequest:<stepText:"Open found first document with list after context search phrases <> with exact <>" > 
18:26:44.083 Sending API response: messageType:GetStepValueResponse messageId:4 stepValueResponse:<stepValue:<stepValue:"Open found first document with list after context search phrases {} with exact {}" parameterizedStepValue:"Open found first document with list after context search phrases <> with exact <>" parameters:"" parameters:"" > > 
18:26:44.084 Api Request Received: messageType:GetStepValueRequest messageId:4 stepValueRequest:<stepText:"Search in favorites" > 
18:26:44.084 Sending API response: messageType:GetStepValueResponse messageId:4 stepValueResponse:<stepValue:<stepValue:"Search in favorites" parameterizedStepValue:"Search in favorites" > > 
18:26:44.086 Api Request Received: messageType:GetStepValueRequest messageId:4 stepValueRequest:<stepText:"Check All module on main page" > 
18:26:44.086 Sending API response: messageType:GetStepValueResponse messageId:4 stepValueResponse:<stepValue:<stepValue:"Check All module on main page" parameterizedStepValue:"Check All module on main page" > > 
18:26:44.087 Api Request Received: messageType:GetStepValueRequest messageId:4 stepValueRequest:<stepText:"Check message for phone field <Table>" > 
18:26:44.087 Sending API response: messageType:GetStepValueResponse messageId:4 stepValueResponse:<stepValue:<stepValue:"Check message for phone field {}" parameterizedStepValue:"Check message for phone field <Table>" parameters:"Table" > > 
18:26:44.088 Api Request Received: messageType:GetStepValueRequest messageId:4 stepValueRequest:<stepText:"Check messages for banned domains <Table>" > 
18:26:44.088 Sending API response: messageType:GetStepValueResponse messageId:4 stepValueResponse:<stepValue:<stepValue:"Check messages for banned domains {}" parameterizedStepValue:"Check messages for banned domains <Table>" parameters:"Table" > > 
18:26:44.088 Api Request Received: messageType:GetStepValueRequest messageId:4 stepValueRequest:<stepText:"Check message for email without @" > 
18:26:44.088 Sending API response: messageType:GetStepValueResponse messageId:4 stepValueResponse:<stepValue:<stepValue:"Check message for email without @" parameterizedStepValue:"Check message for email without @" > > 
18:26:44.089 Api Request Received: messageType:GetStepValueRequest messageId:4 stepValueRequest:<stepText:"Check <moduleName> module is NOT Dispayed" > 
18:26:44.089 Sending API response: messageType:GetStepValueResponse messageId:4 stepValueResponse:<stepValue:<stepValue:"Check {} module is NOT Dispayed" parameterizedStepValue:"Check <moduleName> module is NOT Dispayed" parameters:"moduleName" > > 
18:26:44.090 Api Request Received: messageType:GetStepValueRequest messageId:4 stepValueRequest:<stepText:"Check <moduleName> module is Dispayed" > 
18:26:44.090 Sending API response: messageType:GetStepValueResponse messageId:4 stepValueResponse:<stepValue:<stepValue:"Check {} module is Dispayed" parameterizedStepValue:"Check <moduleName> module is Dispayed" parameters:"moduleName" > > 
18:26:44.090 Api Request Received: messageType:GetStepValueRequest messageId:4 stepValueRequest:<stepText:"Check message for social network unmarked checkbox <Table>" > 
18:26:44.090 Sending API response: messageType:GetStepValueResponse messageId:4 stepValueResponse:<stepValue:<stepValue:"Check message for social network unmarked checkbox {}" parameterizedStepValue:"Check message for social network unmarked checkbox <Table>" parameters:"Table" > > 
18:26:44.091 Api Request Received: messageType:GetStepValueRequest messageId:4 stepValueRequest:<stepText:"Set UKR-RUS language" > 
18:26:44.091 Sending API response: messageType:GetStepValueResponse messageId:4 stepValueResponse:<stepValue:<stepValue:"Set UKR-RUS language" parameterizedStepValue:"Set UKR-RUS language" > > 
